<?xml version="1.0" encoding="UTF-8"?>
<testsuite xmlns:xsi="http://www.w3.org/2001/XMLSchema-instance" xsi:noNamespaceSchemaLocation="https://maven.apache.org/surefire/maven-surefire-plugin/xsd/surefire-test-report.xsd" name="com.edigest.journalApp.service.UserServiceTests" time="0.005" tests="6" errors="0" skipped="6" failures="0">
  <properties>
[...]
</properties>
  <testcase name="testsaveNewEntry{User}" classname="com.edigest.journalApp.service.UserServiceTests" time="0">
    <skipped message="public void com.edigest.journalApp.service.UserServiceTests.testsaveNewEntry(com.edigest.journalApp.entity.User) is @Disabled"/>
    <system-out><![CDATA[25-08-29 11:42:04.485 [main] INFO  o.s.b.t.c.SpringBootTestContextBootstrapper - Neither @ContextConfiguration nor @ContextHierarchy found for test class [com.edigest.journalApp.service.UserServiceTests], using SpringBootContextLoader
25-08-29 11:42:04.486 [main] INFO  o.s.t.c.s.AbstractContextLoader - Could not detect default resource locations for test class [com.edigest.journalApp.service.UserServiceTests]: no resource found for suffixes {-context.xml, Context.groovy}.
25-08-29 11:42:04.487 [main] INFO  o.s.t.c.s.AnnotationConfigContextLoaderUtils - Could not detect default configuration classes for test class [com.edigest.journalApp.service.UserServiceTests]: UserServiceTests does not declare any static, non-private, non-final, nested classes annotated with @Configuration.
25-08-29 11:42:04.489 [main] INFO  o.s.b.t.c.SpringBootTestContextBootstrapper - Found @SpringBootConfiguration com.edigest.journalApp.JournalApplication for test class com.edigest.journalApp.service.UserServiceTests
25-08-29 11:42:04.493 [main] INFO  o.s.b.t.c.SpringBootTestContextBootstrapper - Loaded default TestExecutionListener class names from location [META-INF/spring.factories]: [org.springframework.boot.test.mock.mockito.MockitoTestExecutionListener, org.springframework.boot.test.mock.mockito.ResetMocksTestExecutionListener, org.springframework.boot.test.autoconfigure.restdocs.RestDocsTestExecutionListener, org.springframework.boot.test.autoconfigure.web.client.MockRestServiceServerResetTestExecutionListener, org.springframework.boot.test.autoconfigure.web.servlet.MockMvcPrintOnlyOnFailureTestExecutionListener, org.springframework.boot.test.autoconfigure.web.servlet.WebDriverTestExecutionListener, org.springframework.boot.test.autoconfigure.webservices.client.MockWebServiceServerTestExecutionListener, org.springframework.test.context.web.ServletTestExecutionListener, org.springframework.test.context.support.DirtiesContextBeforeModesTestExecutionListener, org.springframework.test.context.event.ApplicationEventsTestExecutionListener, org.springframework.test.context.support.DependencyInjectionTestExecutionListener, org.springframework.test.context.support.DirtiesContextTestExecutionListener, org.springframework.test.context.transaction.TransactionalTestExecutionListener, org.springframework.test.context.jdbc.SqlScriptsTestExecutionListener, org.springframework.test.context.event.EventPublishingTestExecutionListener]
25-08-29 11:42:04.493 [main] INFO  o.s.b.t.c.SpringBootTestContextBootstrapper - Using TestExecutionListeners: [org.springframework.test.context.web.ServletTestExecutionListener@648f48d3, org.springframework.test.context.support.DirtiesContextBeforeModesTestExecutionListener@30ce78e3, org.springframework.test.context.event.ApplicationEventsTestExecutionListener@41041c31, org.springframework.boot.test.mock.mockito.MockitoTestExecutionListener@34a482d0, org.springframework.boot.test.autoconfigure.SpringBootDependencyInjectionTestExecutionListener@2a738d47, org.springframework.test.context.support.DirtiesContextTestExecutionListener@6939f18a, org.springframework.test.context.transaction.TransactionalTestExecutionListener@8bd9d08, org.springframework.test.context.jdbc.SqlScriptsTestExecutionListener@189f3ccd, org.springframework.test.context.event.EventPublishingTestExecutionListener@2eb0932c, org.springframework.boot.test.mock.mockito.ResetMocksTestExecutionListener@82382d1, org.springframework.boot.test.autoconfigure.restdocs.RestDocsTestExecutionListener@6c120b00, org.springframework.boot.test.autoconfigure.web.client.MockRestServiceServerResetTestExecutionListener@d8a2b1b, org.springframework.boot.test.autoconfigure.web.servlet.MockMvcPrintOnlyOnFailureTestExecutionListener@2709e075, org.springframework.boot.test.autoconfigure.web.servlet.WebDriverTestExecutionListener@3328db4f, org.springframework.boot.test.autoconfigure.webservices.client.MockWebServiceServerTestExecutionListener@4f9e9c21]
]]></system-out>
  </testcase>
  <testcase name="testAdd" classname="com.edigest.journalApp.service.UserServiceTests" time="0">
    <skipped message="public void com.edigest.journalApp.service.UserServiceTests.testAdd() is @Disabled"/>
  </testcase>
  <testcase name="testFindByUserName01{String}" classname="com.edigest.journalApp.service.UserServiceTests" time="0">
    <skipped message="public void com.edigest.journalApp.service.UserServiceTests.testFindByUserName01(java.lang.String) is @Disabled"/>
  </testcase>
  <testcase name="testFindByUserName02{String}" classname="com.edigest.journalApp.service.UserServiceTests" time="0">
    <skipped message="public void com.edigest.journalApp.service.UserServiceTests.testFindByUserName02(java.lang.String) is @Disabled"/>
  </testcase>
  <testcase name="test{int, int, int}" classname="com.edigest.journalApp.service.UserServiceTests" time="0">
    <skipped message="public void com.edigest.journalApp.service.UserServiceTests.test(int,int,int) is @Disabled"/>
  </testcase>
  <testcase name="findByUserName" classname="com.edigest.journalApp.service.UserServiceTests" time="0">
    <skipped message="public void com.edigest.journalApp.service.UserServiceTests.findByUserName() is @Disabled"/>
  </testcase>
</testsuite>