<?xml version="1.0" encoding="UTF-8"?>
<testsuite xmlns:xsi="http://www.w3.org/2001/XMLSchema-instance" xsi:noNamespaceSchemaLocation="https://maven.apache.org/surefire/maven-surefire-plugin/xsd/surefire-test-report.xsd" name="com.edigest.journalApp.JournalAppApplicationTests" time="9.079" tests="1" errors="0" skipped="1" failures="0">
  <properties>
[...]
</properties>
  <testcase name="contextLoads" classname="com.edigest.journalApp.JournalAppApplicationTests" time="0">
    <skipped message="void com.edigest.journalApp.JournalAppApplicationTests.contextLoads() is @Disabled"/>
    <system-out><![CDATA[25-08-29 11:41:51.894 [main] INFO  o.s.b.t.c.SpringBootTestContextBootstrapper - Neither @ContextConfiguration nor @ContextHierarchy found for test class [com.edigest.journalApp.JournalAppApplicationTests], using SpringBootContextLoader
25-08-29 11:41:51.913 [main] INFO  o.s.t.c.s.AbstractContextLoader - Could not detect default resource locations for test class [com.edigest.journalApp.JournalAppApplicationTests]: no resource found for suffixes {-context.xml, Context.groovy}.
25-08-29 11:41:51.914 [main] INFO  o.s.t.c.s.AnnotationConfigContextLoaderUtils - Could not detect default configuration classes for test class [com.edigest.journalApp.JournalAppApplicationTests]: JournalAppApplicationTests does not declare any static, non-private, non-final, nested classes annotated with @Configuration.
25-08-29 11:41:52.101 [main] INFO  o.s.b.t.c.SpringBootTestContextBootstrapper - Found @SpringBootConfiguration com.edigest.journalApp.JournalApplication for test class com.edigest.journalApp.JournalAppApplicationTests
25-08-29 11:41:52.222 [main] INFO  o.s.b.t.c.SpringBootTestContextBootstrapper - Loaded default TestExecutionListener class names from location [META-INF/spring.factories]: [org.springframework.boot.test.mock.mockito.MockitoTestExecutionListener, org.springframework.boot.test.mock.mockito.ResetMocksTestExecutionListener, org.springframework.boot.test.autoconfigure.restdocs.RestDocsTestExecutionListener, org.springframework.boot.test.autoconfigure.web.client.MockRestServiceServerResetTestExecutionListener, org.springframework.boot.test.autoconfigure.web.servlet.MockMvcPrintOnlyOnFailureTestExecutionListener, org.springframework.boot.test.autoconfigure.web.servlet.WebDriverTestExecutionListener, org.springframework.boot.test.autoconfigure.webservices.client.MockWebServiceServerTestExecutionListener, org.springframework.test.context.web.ServletTestExecutionListener, org.springframework.test.context.support.DirtiesContextBeforeModesTestExecutionListener, org.springframework.test.context.event.ApplicationEventsTestExecutionListener, org.springframework.test.context.support.DependencyInjectionTestExecutionListener, org.springframework.test.context.support.DirtiesContextTestExecutionListener, org.springframework.test.context.transaction.TransactionalTestExecutionListener, org.springframework.test.context.jdbc.SqlScriptsTestExecutionListener, org.springframework.test.context.event.EventPublishingTestExecutionListener]
25-08-29 11:41:52.239 [main] INFO  o.s.b.t.c.SpringBootTestContextBootstrapper - Using TestExecutionListeners: [org.springframework.test.context.web.ServletTestExecutionListener@c1bd0be, org.springframework.test.context.support.DirtiesContextBeforeModesTestExecutionListener@476b0ae6, org.springframework.test.context.event.ApplicationEventsTestExecutionListener@1c6804cd, org.springframework.boot.test.mock.mockito.MockitoTestExecutionListener@655f7ea, org.springframework.boot.test.autoconfigure.SpringBootDependencyInjectionTestExecutionListener@549949be, org.springframework.test.context.support.DirtiesContextTestExecutionListener@4b3a45f1, org.springframework.test.context.transaction.TransactionalTestExecutionListener@17a87e37, org.springframework.test.context.jdbc.SqlScriptsTestExecutionListener@3eeb318f, org.springframework.test.context.event.EventPublishingTestExecutionListener@20a14b55, org.springframework.boot.test.mock.mockito.ResetMocksTestExecutionListener@39ad977d, org.springframework.boot.test.autoconfigure.restdocs.RestDocsTestExecutionListener@6da00fb9, org.springframework.boot.test.autoconfigure.web.client.MockRestServiceServerResetTestExecutionListener@a202ccb, org.springframework.boot.test.autoconfigure.web.servlet.MockMvcPrintOnlyOnFailureTestExecutionListener@20f12539, org.springframework.boot.test.autoconfigure.web.servlet.WebDriverTestExecutionListener@75b25825, org.springframework.boot.test.autoconfigure.webservices.client.MockWebServiceServerTestExecutionListener@18025ced]
25-08-29 11:41:52.327 [main] INFO  o.s.b.d.r.RestartApplicationListener - Restart disabled due to context in which it is running

  .   ____          _            __ _ _
 /\\ / ___'_ __ _ _(_)_ __  __ _ \ \ \ \
( ( )\___ | '_ | '_| | '_ \/ _` | \ \ \ \
 \\/  ___)| |_)| | | | | || (_| |  ) ) ) )
  '  |____| .__|_| |_|_| |_\__, | / / / /
 =========|_|==============|___/=/_/_/_/
 :: Spring Boot ::               (v2.7.18)

25-08-29 11:41:52.750 [main] INFO  c.e.j.JournalAppApplicationTests - Starting JournalAppApplicationTests using Java 17.0.12 on LAP1146PER with PID 17240 (started by rudra.singh in D:\Rudra Pr\journalApp)
25-08-29 11:41:52.751 [main] INFO  c.e.j.JournalAppApplicationTests - The following 1 profile is active: "dev"
25-08-29 11:41:53.735 [main] INFO  o.s.d.r.c.RepositoryConfigurationDelegate - Multiple Spring Data modules found, entering strict repository configuration mode
25-08-29 11:41:53.736 [main] INFO  o.s.d.r.c.RepositoryConfigurationDelegate - Bootstrapping Spring Data MongoDB repositories in DEFAULT mode.
25-08-29 11:41:53.905 [main] INFO  o.s.d.r.c.RepositoryConfigurationDelegate - Finished Spring Data repository scanning in 164 ms. Found 3 MongoDB repository interfaces.
25-08-29 11:41:53.927 [main] INFO  o.s.d.r.c.RepositoryConfigurationDelegate - Multiple Spring Data modules found, entering strict repository configuration mode
25-08-29 11:41:53.930 [main] INFO  o.s.d.r.c.RepositoryConfigurationDelegate - Bootstrapping Spring Data Redis repositories in DEFAULT mode.
25-08-29 11:41:53.960 [main] INFO  o.s.d.r.c.RepositoryConfigurationExtensionSupport - Spring Data Redis - Could not safely identify store assignment for repository candidate interface com.edigest.journalApp.repository.Config_journal_appRepository; If you want this repository to be a Redis repository, consider annotating your entities with one of these annotations: org.springframework.data.redis.core.RedisHash (preferred), or consider extending one of the following types with your repository: org.springframework.data.keyvalue.repository.KeyValueRepository
25-08-29 11:41:53.961 [main] INFO  o.s.d.r.c.RepositoryConfigurationExtensionSupport - Spring Data Redis - Could not safely identify store assignment for repository candidate interface com.edigest.journalApp.repository.JournalEntryRepositoryV2; If you want this repository to be a Redis repository, consider annotating your entities with one of these annotations: org.springframework.data.redis.core.RedisHash (preferred), or consider extending one of the following types with your repository: org.springframework.data.keyvalue.repository.KeyValueRepository
25-08-29 11:41:53.962 [main] INFO  o.s.d.r.c.RepositoryConfigurationExtensionSupport - Spring Data Redis - Could not safely identify store assignment for repository candidate interface com.edigest.journalApp.repository.UserRepository; If you want this repository to be a Redis repository, consider annotating your entities with one of these annotations: org.springframework.data.redis.core.RedisHash (preferred), or consider extending one of the following types with your repository: org.springframework.data.keyvalue.repository.KeyValueRepository
25-08-29 11:41:53.963 [main] INFO  o.s.d.r.c.RepositoryConfigurationDelegate - Finished Spring Data repository scanning in 11 ms. Found 0 Redis repository interfaces.
25-08-29 11:41:55.043 [main] INFO  org.mongodb.driver.client - MongoClient with metadata {"driver": {"name": "mongo-java-driver|sync|spring-boot", "version": "4.6.1"}, "os": {"type": "Windows", "name": "Windows 11", "architecture": "amd64", "version": "10.0"}, "platform": "Java/Oracle Corporation/17.0.12+8-LTS-286", "application": {"name": "Cluster0"}} created with settings MongoClientSettings{readPreference=primary, writeConcern=WriteConcern{w=majority, wTimeout=null ms, journal=null}, retryWrites=true, retryReads=true, readConcern=ReadConcern{level=null}, credential=MongoCredential{mechanism=null, userName='rc195131', source='admin', password=<hidden>, mechanismProperties=<hidden>}, streamFactoryFactory=null, commandListeners=[], codecRegistry=ProvidersCodecRegistry{codecProviders=[ValueCodecProvider{}, BsonValueCodecProvider{}, DBRefCodecProvider{}, DBObjectCodecProvider{}, DocumentCodecProvider{}, IterableCodecProvider{}, MapCodecProvider{}, GeoJsonCodecProvider{}, GridFSFileCodecProvider{}, Jsr310CodecProvider{}, JsonObjectCodecProvider{}, BsonCodecProvider{}, EnumCodecProvider{}, com.mongodb.Jep395RecordCodecProvider@491cafec]}, clusterSettings={hosts=[127.0.0.1:27017], srvHost=cluster0.kl75bqb.mongodb.net, srvServiceName=mongodb, mode=MULTIPLE, requiredClusterType=REPLICA_SET, requiredReplicaSetName='atlas-ql4kjn-shard-0', serverSelector='null', clusterListeners='[]', serverSelectionTimeout='30000 ms', localThreshold='30000 ms'}, socketSettings=SocketSettings{connectTimeoutMS=10000, readTimeoutMS=0, receiveBufferSize=0, sendBufferSize=0}, heartbeatSocketSettings=SocketSettings{connectTimeoutMS=10000, readTimeoutMS=10000, receiveBufferSize=0, sendBufferSize=0}, connectionPoolSettings=ConnectionPoolSettings{maxSize=100, minSize=0, maxWaitTimeMS=120000, maxConnectionLifeTimeMS=0, maxConnectionIdleTimeMS=0, maintenanceInitialDelayMS=0, maintenanceFrequencyMS=60000, connectionPoolListeners=[], maxConnecting=2}, serverSettings=ServerSettings{heartbeatFrequencyMS=10000, minHeartbeatFrequencyMS=500, serverListeners='[]', serverMonitorListeners='[]'}, sslSettings=SslSettings{enabled=true, invalidHostNameAllowed=false, context=null}, applicationName='Cluster0', compressorList=[], uuidRepresentation=JAVA_LEGACY, serverApi=null, autoEncryptionSettings=null, contextProvider=null}
25-08-29 11:41:55.424 [main] INFO  org.mongodb.driver.cluster - Cluster description not yet available. Waiting for 30000 ms before timing out
25-08-29 11:41:55.591 [cluster-ClusterId{value='68b144aa3438c261f419de2e', description='null'}-srv-cluster0.kl75bqb.mongodb.net] INFO  org.mongodb.driver.cluster - Adding discovered server ac-xfobl2w-shard-00-02.kl75bqb.mongodb.net:27017 to client view of cluster
25-08-29 11:41:55.628 [cluster-ClusterId{value='68b144aa3438c261f419de2e', description='null'}-srv-cluster0.kl75bqb.mongodb.net] INFO  org.mongodb.driver.cluster - Adding discovered server ac-xfobl2w-shard-00-01.kl75bqb.mongodb.net:27017 to client view of cluster
25-08-29 11:41:55.632 [cluster-ClusterId{value='68b144aa3438c261f419de2e', description='null'}-srv-cluster0.kl75bqb.mongodb.net] INFO  org.mongodb.driver.cluster - Adding discovered server ac-xfobl2w-shard-00-00.kl75bqb.mongodb.net:27017 to client view of cluster
25-08-29 11:41:55.647 [main] INFO  org.mongodb.driver.cluster - No server chosen by com.mongodb.client.internal.MongoClientDelegate$1@74123110 from cluster description ClusterDescription{type=REPLICA_SET, connectionMode=MULTIPLE, serverDescriptions=[ServerDescription{address=ac-xfobl2w-shard-00-02.kl75bqb.mongodb.net:27017, type=UNKNOWN, state=CONNECTING}, ServerDescription{address=ac-xfobl2w-shard-00-00.kl75bqb.mongodb.net:27017, type=UNKNOWN, state=CONNECTING}, ServerDescription{address=ac-xfobl2w-shard-00-01.kl75bqb.mongodb.net:27017, type=UNKNOWN, state=CONNECTING}]}. Waiting for 30000 ms before timing out
25-08-29 11:41:56.933 [cluster-ClusterId{value='68b144aa3438c261f419de2e', description='null'}-ac-xfobl2w-shard-00-01.kl75bqb.mongodb.net:27017] INFO  org.mongodb.driver.connection - Opened connection [connectionId{localValue:4, serverValue:57544}] to ac-xfobl2w-shard-00-01.kl75bqb.mongodb.net:27017
25-08-29 11:41:56.933 [cluster-rtt-ClusterId{value='68b144aa3438c261f419de2e', description='null'}-ac-xfobl2w-shard-00-01.kl75bqb.mongodb.net:27017] INFO  org.mongodb.driver.connection - Opened connection [connectionId{localValue:2, serverValue:57544}] to ac-xfobl2w-shard-00-01.kl75bqb.mongodb.net:27017
25-08-29 11:41:56.933 [cluster-ClusterId{value='68b144aa3438c261f419de2e', description='null'}-ac-xfobl2w-shard-00-00.kl75bqb.mongodb.net:27017] INFO  org.mongodb.driver.connection - Opened connection [connectionId{localValue:5, serverValue:54776}] to ac-xfobl2w-shard-00-00.kl75bqb.mongodb.net:27017
25-08-29 11:41:56.933 [cluster-rtt-ClusterId{value='68b144aa3438c261f419de2e', description='null'}-ac-xfobl2w-shard-00-00.kl75bqb.mongodb.net:27017] INFO  org.mongodb.driver.connection - Opened connection [connectionId{localValue:6, serverValue:54776}] to ac-xfobl2w-shard-00-00.kl75bqb.mongodb.net:27017
25-08-29 11:41:56.933 [cluster-rtt-ClusterId{value='68b144aa3438c261f419de2e', description='null'}-ac-xfobl2w-shard-00-02.kl75bqb.mongodb.net:27017] INFO  org.mongodb.driver.connection - Opened connection [connectionId{localValue:3, serverValue:53801}] to ac-xfobl2w-shard-00-02.kl75bqb.mongodb.net:27017
25-08-29 11:41:56.933 [cluster-ClusterId{value='68b144aa3438c261f419de2e', description='null'}-ac-xfobl2w-shard-00-02.kl75bqb.mongodb.net:27017] INFO  org.mongodb.driver.connection - Opened connection [connectionId{localValue:1, serverValue:53795}] to ac-xfobl2w-shard-00-02.kl75bqb.mongodb.net:27017
25-08-29 11:41:56.934 [cluster-ClusterId{value='68b144aa3438c261f419de2e', description='null'}-ac-xfobl2w-shard-00-01.kl75bqb.mongodb.net:27017] INFO  org.mongodb.driver.cluster - Monitor thread successfully connected to server with description ServerDescription{address=ac-xfobl2w-shard-00-01.kl75bqb.mongodb.net:27017, type=REPLICA_SET_PRIMARY, state=CONNECTED, ok=true, minWireVersion=0, maxWireVersion=25, maxDocumentSize=16777216, logicalSessionTimeoutMinutes=30, roundTripTimeNanos=832230400, setName='atlas-ql4kjn-shard-0', canonicalAddress=ac-xfobl2w-shard-00-01.kl75bqb.mongodb.net:27017, hosts=[ac-xfobl2w-shard-00-00.kl75bqb.mongodb.net:27017, ac-xfobl2w-shard-00-01.kl75bqb.mongodb.net:27017, ac-xfobl2w-shard-00-02.kl75bqb.mongodb.net:27017], passives=[], arbiters=[], primary='ac-xfobl2w-shard-00-01.kl75bqb.mongodb.net:27017', tagSet=TagSet{[Tag{name='availabilityZone', value='aps1-az3'}, Tag{name='diskState', value='READY'}, Tag{name='nodeType', value='ELECTABLE'}, Tag{name='provider', value='AWS'}, Tag{name='region', value='AP_SOUTH_1'}, Tag{name='workloadType', value='OPERATIONAL'}]}, electionId=7fffffff0000000000000123, setVersion=311, topologyVersion=TopologyVersion{processId=68ade261f6b36fc6f7c765c8, counter=9}, lastWriteDate=Fri Aug 29 11:41:56 IST 2025, lastUpdateTimeNanos=766783579232700}
25-08-29 11:41:56.934 [cluster-ClusterId{value='68b144aa3438c261f419de2e', description='null'}-ac-xfobl2w-shard-00-00.kl75bqb.mongodb.net:27017] INFO  org.mongodb.driver.cluster - Monitor thread successfully connected to server with description ServerDescription{address=ac-xfobl2w-shard-00-00.kl75bqb.mongodb.net:27017, type=REPLICA_SET_SECONDARY, state=CONNECTED, ok=true, minWireVersion=0, maxWireVersion=25, maxDocumentSize=16777216, logicalSessionTimeoutMinutes=30, roundTripTimeNanos=831914700, setName='atlas-ql4kjn-shard-0', canonicalAddress=ac-xfobl2w-shard-00-00.kl75bqb.mongodb.net:27017, hosts=[ac-xfobl2w-shard-00-00.kl75bqb.mongodb.net:27017, ac-xfobl2w-shard-00-01.kl75bqb.mongodb.net:27017, ac-xfobl2w-shard-00-02.kl75bqb.mongodb.net:27017], passives=[], arbiters=[], primary='ac-xfobl2w-shard-00-01.kl75bqb.mongodb.net:27017', tagSet=TagSet{[Tag{name='availabilityZone', value='aps1-az1'}, Tag{name='diskState', value='READY'}, Tag{name='nodeType', value='ELECTABLE'}, Tag{name='provider', value='AWS'}, Tag{name='region', value='AP_SOUTH_1'}, Tag{name='workloadType', value='OPERATIONAL'}]}, electionId=null, setVersion=311, topologyVersion=TopologyVersion{processId=68ade31fbef6bc4f0ba5f192, counter=5}, lastWriteDate=Fri Aug 29 11:41:56 IST 2025, lastUpdateTimeNanos=766783579232700}
25-08-29 11:41:56.934 [cluster-ClusterId{value='68b144aa3438c261f419de2e', description='null'}-ac-xfobl2w-shard-00-02.kl75bqb.mongodb.net:27017] INFO  org.mongodb.driver.cluster - Monitor thread successfully connected to server with description ServerDescription{address=ac-xfobl2w-shard-00-02.kl75bqb.mongodb.net:27017, type=REPLICA_SET_SECONDARY, state=CONNECTED, ok=true, minWireVersion=0, maxWireVersion=25, maxDocumentSize=16777216, logicalSessionTimeoutMinutes=30, roundTripTimeNanos=832324100, setName='atlas-ql4kjn-shard-0', canonicalAddress=ac-xfobl2w-shard-00-02.kl75bqb.mongodb.net:27017, hosts=[ac-xfobl2w-shard-00-00.kl75bqb.mongodb.net:27017, ac-xfobl2w-shard-00-01.kl75bqb.mongodb.net:27017, ac-xfobl2w-shard-00-02.kl75bqb.mongodb.net:27017], passives=[], arbiters=[], primary='ac-xfobl2w-shard-00-01.kl75bqb.mongodb.net:27017', tagSet=TagSet{[Tag{name='availabilityZone', value='aps1-az2'}, Tag{name='diskState', value='READY'}, Tag{name='nodeType', value='ELECTABLE'}, Tag{name='provider', value='AWS'}, Tag{name='region', value='AP_SOUTH_1'}, Tag{name='workloadType', value='OPERATIONAL'}]}, electionId=null, setVersion=311, topologyVersion=TopologyVersion{processId=68ade485c7ae412e01c212bc, counter=5}, lastWriteDate=Fri Aug 29 11:41:56 IST 2025, lastUpdateTimeNanos=766783579432800}
25-08-29 11:41:56.940 [cluster-ClusterId{value='68b144aa3438c261f419de2e', description='null'}-ac-xfobl2w-shard-00-01.kl75bqb.mongodb.net:27017] INFO  org.mongodb.driver.cluster - Setting max election id to 7fffffff0000000000000123 from replica set primary ac-xfobl2w-shard-00-01.kl75bqb.mongodb.net:27017
25-08-29 11:41:56.940 [cluster-ClusterId{value='68b144aa3438c261f419de2e', description='null'}-ac-xfobl2w-shard-00-01.kl75bqb.mongodb.net:27017] INFO  org.mongodb.driver.cluster - Setting max set version to 311 from replica set primary ac-xfobl2w-shard-00-01.kl75bqb.mongodb.net:27017
25-08-29 11:41:56.941 [cluster-ClusterId{value='68b144aa3438c261f419de2e', description='null'}-ac-xfobl2w-shard-00-01.kl75bqb.mongodb.net:27017] INFO  org.mongodb.driver.cluster - Discovered replica set primary ac-xfobl2w-shard-00-01.kl75bqb.mongodb.net:27017
25-08-29 11:41:57.629 [main] INFO  org.mongodb.driver.connection - Opened connection [connectionId{localValue:7, serverValue:57749}] to ac-xfobl2w-shard-00-01.kl75bqb.mongodb.net:27017
25-08-29 11:41:58.830 [main] INFO  o.s.s.web.DefaultSecurityFilterChain - Will secure any request with [org.springframework.security.web.session.DisableEncodeUrlFilter@30704f85, org.springframework.security.web.context.request.async.WebAsyncManagerIntegrationFilter@2b99c937, org.springframework.security.web.context.SecurityContextPersistenceFilter@238ad211, org.springframework.security.web.header.HeaderWriterFilter@5a1a20ae, org.springframework.security.web.authentication.logout.LogoutFilter@53e28097, com.edigest.journalApp.filter.JWTFilter@26c59348, org.springframework.security.web.savedrequest.RequestCacheAwareFilter@5273143e, org.springframework.security.web.servletapi.SecurityContextHolderAwareRequestFilter@56478522, org.springframework.security.web.authentication.AnonymousAuthenticationFilter@1de12397, org.springframework.security.web.session.SessionManagementFilter@225e09f0, org.springframework.security.web.access.ExceptionTranslationFilter@4c50cd7d, org.springframework.security.web.access.intercept.FilterSecurityInterceptor@29f95272]
25-08-29 11:42:00.607 [main] INFO  c.e.j.JournalAppApplicationTests - Started JournalAppApplicationTests in 8.291 seconds (JVM running for 9.751)
]]></system-out>
  </testcase>
</testsuite>